<?xml version="1.0" encoding="UTF-8"?>
<!-- Generated by org.testng.reporters.JUnitXMLReporter -->
<testsuite ignored="3" hostname="gammastacks-MacBook-Pro.local" failures="0" tests="1" name="Default test" time="8.325" errors="0" timestamp="2024-07-31T18:37:47 IST">
  <testcase classname="TestCases.UserTest" name="testUpdateUser" time="8.305"/>
  <testcase classname="TestCases.UserTest" name="testDeleteUser" time="0.0">
    <ignored/>
  </testcase> <!-- testDeleteUser -->
  <testcase classname="TestCases.UserTest" name="testCreateUser" time="0.0">
    <ignored/>
  </testcase> <!-- testCreateUser -->
  <testcase classname="TestCases.UserTest" name="testGetUserData" time="0.0">
    <ignored/>
  </testcase> <!-- testGetUserData -->
</testsuite> <!-- Default test -->
