<?xml version="1.0" encoding="UTF-8"?>
<testng-results ignored="3" total="4" passed="1" failed="0" skipped="0">
  <reporter-output>
  </reporter-output>
  <suite started-at="2024-07-31T18:37:39 IST" name="Default suite" finished-at="2024-07-31T18:37:47 IST" duration-ms="8325">
    <groups>
    </groups>
    <test started-at="2024-07-31T18:37:39 IST" name="Default test" finished-at="2024-07-31T18:37:47 IST" duration-ms="8325">
      <class name="TestCases.UserTest">
        <test-method is-config="true" signature="beforeclass()[pri:0, instance:TestCases.UserTest@14fc5f04]" started-at="2024-07-31T18:37:39 IST" name="beforeclass" finished-at="2024-07-31T18:37:39 IST" duration-ms="4" status="PASS">
          <reporter-output>
          </reporter-output>
        </test-method> <!-- beforeclass -->
        <test-method signature="testUpdateUser()[pri:0, instance:TestCases.UserTest@14fc5f04]" started-at="2024-07-31T18:37:39 IST" name="testUpdateUser" finished-at="2024-07-31T18:37:47 IST" duration-ms="8305" status="PASS">
          <reporter-output>
          </reporter-output>
        </test-method> <!-- testUpdateUser -->
      </class> <!-- TestCases.UserTest -->
    </test> <!-- Default test -->
  </suite> <!-- Default suite -->
</testng-results>
